<?xml version="1.0" encoding="UTF-8"?>
<testng-results ignored="0" total="1" passed="1" failed="0" skipped="0">
  <reporter-output>
  </reporter-output>
  <suite started-at="2021-12-08T08:46:13 PST" name="Default suite" finished-at="2021-12-08T08:46:21 PST" duration-ms="8248">
    <groups>
    </groups>
    <test started-at="2021-12-08T08:46:13 PST" name="Default test" finished-at="2021-12-08T08:46:21 PST" duration-ms="8248">
      <class name="demo.demo1.homepage">
        <test-method signature="basePase()[pri:0, instance:demo.demo1.homepage@649bec2e]" started-at="2021-12-08T08:46:13 PST" name="basePase" finished-at="2021-12-08T08:46:21 PST" duration-ms="8220" status="PASS">
          <reporter-output>
          </reporter-output>
        </test-method> <!-- basePase -->
      </class> <!-- demo.demo1.homepage -->
    </test> <!-- Default test -->
  </suite> <!-- Default suite -->
</testng-results>
